<?xml version="1.0" encoding="UTF-8"?>
<!-- Generated by org.testng.reporters.JUnitReportReporter -->
<testsuite hostname="Virender-Kumar" failures="0" tests="3" name="com.crm.qa.Testcases.LoginPageTest" time="155.932" errors="0" timestamp="2019-09-14T20:49:51 IST" skipped="0">
  <testcase classname="com.crm.qa.Testcases.LoginPageTest" name="AmazonTitleTest" time="84.606"/>
  <testcase classname="com.crm.qa.Testcases.LoginPageTest" name="AmazonLogoImageTest" time="38.331"/>
  <testcase classname="com.crm.qa.Testcases.LoginPageTest" name="loginTest" time="32.995"/>
</testsuite> <!-- com.crm.qa.Testcases.LoginPageTest -->
