<?xml version="1.0" encoding="UTF-8"?>
<!-- Generated by org.testng.reporters.JUnitReportReporter -->
<testsuite hostname="Virender-Kumar" failures="0" tests="3" name="com.crm.qa.Testcases.LoginPageTest" time="79.669" errors="0" timestamp="2019-09-20T20:31:24 IST" skipped="0">
  <testcase classname="com.crm.qa.Testcases.LoginPageTest" name="AmazonTitleTest" time="21.332"/>
  <testcase classname="com.crm.qa.Testcases.LoginPageTest" name="AmazonLogoImageTest" time="33.611"/>
  <testcase classname="com.crm.qa.Testcases.LoginPageTest" name="loginTest" time="24.726"/>
</testsuite> <!-- com.crm.qa.Testcases.LoginPageTest -->
