<?xml version="1.0" encoding="UTF-8"?>
<!-- Generated by org.testng.reporters.JUnitReportReporter -->
<testsuite hostname="Virender-Kumar" failures="0" tests="2" name="com.crm.qa.Testcases.AddAddressPageTest" time="16.679" errors="0" timestamp="2019-09-10T20:37:03 IST" skipped="1">
  <testcase classname="com.crm.qa.Testcases.AddAddressPageTest" name="ValidateShopAllCategory" time="16.679"/>
  <testcase classname="com.crm.qa.Testcases.AddAddressPageTest" name="ValidateFillAddressDetails" time="0.000">
    <skipped/>
  </testcase> <!-- ValidateFillAddressDetails -->
</testsuite> <!-- com.crm.qa.Testcases.AddAddressPageTest -->
